# JRE version: OpenJDK Runtime Environment Temurin-17.0.9+9 (17.0.9+9) (build 17.0.9+9)
# Java VM: OpenJDK 64-Bit Server VM Temurin-17.0.9+9 (17.0.9+9, mixed mode, tiered, compressed oops, compressed class ptrs, parallel gc, windows-amd64)
GC Precious Log:
 CPUs: 8 total, 8 available
 Memory: 8070M
 Large Page Support: Disabled
 NUMA Support: Disabled
 Compressed Oops: Enabled (32-bit)
 Alignments: Space 512K, Generation 512K, Heap 2M
 Heap Min Capacity: 100M
 Heap Initial Capacity: 100M
 Heap Max Capacity: 1G
 Pre-touch: Disabled
 Parallel Workers: 8
Heap:
 PSYoungGen      total 23040K, used 10232K [0x00000000eab00000, 0x00000000ec280000, 0x0000000100000000)
  eden space 21504K, 45% used [0x00000000eab00000,0x00000000eb47e308,0x00000000ec000000)
  from space 1536K, 33% used [0x00000000ec000000,0x00000000ec080010,0x00000000ec180000)
  to   space 1024K, 0% used [0x00000000ec180000,0x00000000ec180000,0x00000000ec280000)
 ParOldGen       total 68608K, used 25480K [0x00000000c0000000, 0x00000000c4300000, 0x00000000eab00000)
  object space 68608K, 37% used [0x00000000c0000000,0x00000000c18e2060,0x00000000c4300000)
 Metaspace       used 42269K, committed 43008K, reserved 1114112K
  class space    used 4339K, committed 4672K, reserved 1048576K
GC Heap History (20 events):
Event: 6.534 GC heap before
{Heap before GC invocations=10 (full 1):
 PSYoungGen      total 27136K, used 4201K [0x00000000eab00000, 0x00000000ec980000, 0x0000000100000000)
  eden space 23552K, 3% used [0x00000000eab00000,0x00000000eabd4b30,0x00000000ec200000)
  from space 3584K, 93% used [0x00000000ec600000,0x00000000ec945a18,0x00000000ec980000)
  to   space 3584K, 0% used [0x00000000ec280000,0x00000000ec280000,0x00000000ec600000)
 ParOldGen       total 68608K, used 8433K [0x00000000c0000000, 0x00000000c4300000, 0x00000000eab00000)
  object space 68608K, 12% used [0x00000000c0000000,0x00000000c083c430,0x00000000c4300000)
 Metaspace       used 35187K, committed 35840K, reserved 1114112K
  class space    used 3553K, committed 3840K, reserved 1048576K
}
Event: 6.537 GC heap after
{Heap after GC invocations=10 (full 1):
 PSYoungGen      total 26624K, used 2697K [0x00000000eab00000, 0x00000000ec800000, 0x0000000100000000)
  eden space 23552K, 0% used [0x00000000eab00000,0x00000000eab00000,0x00000000ec200000)
  from space 3072K, 87% used [0x00000000ec280000,0x00000000ec5226a0,0x00000000ec580000)
  to   space 2560K, 0% used [0x00000000ec580000,0x00000000ec580000,0x00000000ec800000)
 ParOldGen       total 68608K, used 9138K [0x00000000c0000000, 0x00000000c4300000, 0x00000000eab00000)
  object space 68608K, 13% used [0x00000000c0000000,0x00000000c08ecb38,0x00000000c4300000)
 Metaspace       used 35187K, committed 35840K, reserved 1114112K
  class space    used 3553K, committed 3840K, reserved 1048576K
}
Event: 6.537 GC heap before
{Heap before GC invocations=11 (full 2):
 PSYoungGen      total 26624K, used 2697K [0x00000000eab00000, 0x00000000ec800000, 0x0000000100000000)
  eden space 23552K, 0% used [0x00000000eab00000,0x00000000eab00000,0x00000000ec200000)
  from space 3072K, 87% used [0x00000000ec280000,0x00000000ec5226a0,0x00000000ec580000)
  to   space 2560K, 0% used [0x00000000ec580000,0x00000000ec580000,0x00000000ec800000)
 ParOldGen       total 68608K, used 9138K [0x00000000c0000000, 0x00000000c4300000, 0x00000000eab00000)
  object space 68608K, 13% used [0x00000000c0000000,0x00000000c08ecb38,0x00000000c4300000)
 Metaspace       used 35187K, committed 35840K, reserved 1114112K
  class space    used 3553K, committed 3840K, reserved 1048576K
}
Event: 6.573 GC heap after
{Heap after GC invocations=11 (full 2):
 PSYoungGen      total 26624K, used 0K [0x00000000eab00000, 0x00000000ec800000, 0x0000000100000000)
  eden space 23552K, 0% used [0x00000000eab00000,0x00000000eab00000,0x00000000ec200000)
  from space 3072K, 0% used [0x00000000ec280000,0x00000000ec280000,0x00000000ec580000)
  to   space 2560K, 0% used [0x00000000ec580000,0x00000000ec580000,0x00000000ec800000)
 ParOldGen       total 68608K, used 11499K [0x00000000c0000000, 0x00000000c4300000, 0x00000000eab00000)
  object space 68608K, 16% used [0x00000000c0000000,0x00000000c0b3ae78,0x00000000c4300000)
 Metaspace       used 35187K, committed 35840K, reserved 1114112K
  class space    used 3553K, committed 3840K, reserved 1048576K
}
Event: 6.924 GC heap before
{Heap before GC invocations=12 (full 2):
 PSYoungGen      total 26624K, used 23552K [0x00000000eab00000, 0x00000000ec800000, 0x0000000100000000)
  eden space 23552K, 100% used [0x00000000eab00000,0x00000000ec200000,0x00000000ec200000)
  from space 3072K, 0% used [0x00000000ec280000,0x00000000ec280000,0x00000000ec580000)
  to   space 2560K, 0% used [0x00000000ec580000,0x00000000ec580000,0x00000000ec800000)
 ParOldGen       total 68608K, used 11499K [0x00000000c0000000, 0x00000000c4300000, 0x00000000eab00000)
  object space 68608K, 16% used [0x00000000c0000000,0x00000000c0b3ae78,0x00000000c4300000)
 Metaspace       used 36676K, committed 37440K, reserved 1114112K
  class space    used 3726K, committed 4096K, reserved 1048576K
}
Event: 6.926 GC heap after
{Heap after GC invocations=12 (full 2):
 PSYoungGen      total 25600K, used 2240K [0x00000000eab00000, 0x00000000ec800000, 0x0000000100000000)
  eden space 23040K, 0% used [0x00000000eab00000,0x00000000eab00000,0x00000000ec180000)
  from space 2560K, 87% used [0x00000000ec580000,0x00000000ec7b0040,0x00000000ec800000)
  to   space 2560K, 0% used [0x00000000ec300000,0x00000000ec300000,0x00000000ec580000)
 ParOldGen       total 68608K, used 11507K [0x00000000c0000000, 0x00000000c4300000, 0x00000000eab00000)
  object space 68608K, 16% used [0x00000000c0000000,0x00000000c0b3ce78,0x00000000c4300000)
 Metaspace       used 36676K, committed 37440K, reserved 1114112K
  class space    used 3726K, committed 4096K, reserved 1048576K
}
Event: 7.071 GC heap before
{Heap before GC invocations=13 (full 2):
 PSYoungGen      total 25600K, used 25280K [0x00000000eab00000, 0x00000000ec800000, 0x0000000100000000)
  eden space 23040K, 100% used [0x00000000eab00000,0x00000000ec180000,0x00000000ec180000)
  from space 2560K, 87% used [0x00000000ec580000,0x00000000ec7b0040,0x00000000ec800000)
  to   space 2560K, 0% used [0x00000000ec300000,0x00000000ec300000,0x00000000ec580000)
 ParOldGen       total 68608K, used 11507K [0x00000000c0000000, 0x00000000c4300000, 0x00000000eab00000)
  object space 68608K, 16% used [0x00000000c0000000,0x00000000c0b3ce78,0x00000000c4300000)
 Metaspace       used 36881K, committed 37632K, reserved 1114112K
  class space    used 3745K, committed 4096K, reserved 1048576K
}
Event: 7.075 GC heap after
{Heap after GC invocations=13 (full 2):
 PSYoungGen      total 25088K, used 2368K [0x00000000eab00000, 0x00000000ec600000, 0x0000000100000000)
  eden space 22528K, 0% used [0x00000000eab00000,0x00000000eab00000,0x00000000ec100000)
  from space 2560K, 92% used [0x00000000ec300000,0x00000000ec550010,0x00000000ec580000)
  to   space 512K, 0% used [0x00000000ec580000,0x00000000ec580000,0x00000000ec600000)
 ParOldGen       total 68608K, used 13614K [0x00000000c0000000, 0x00000000c4300000, 0x00000000eab00000)
  object space 68608K, 19% used [0x00000000c0000000,0x00000000c0d4b848,0x00000000c4300000)
 Metaspace       used 36881K, committed 37632K, reserved 1114112K
  class space    used 3745K, committed 4096K, reserved 1048576K
}
Event: 7.202 GC heap before
{Heap before GC invocations=14 (full 2):
 PSYoungGen      total 25088K, used 24896K [0x00000000eab00000, 0x00000000ec600000, 0x0000000100000000)
  eden space 22528K, 100% used [0x00000000eab00000,0x00000000ec100000,0x00000000ec100000)
  from space 2560K, 92% used [0x00000000ec300000,0x00000000ec550010,0x00000000ec580000)
  to   space 512K, 0% used [0x00000000ec580000,0x00000000ec580000,0x00000000ec600000)
 ParOldGen       total 68608K, used 13614K [0x00000000c0000000, 0x00000000c4300000, 0x00000000eab00000)
  object space 68608K, 19% used [0x00000000c0000000,0x00000000c0d4b848,0x00000000c4300000)
 Metaspace       used 36958K, committed 37632K, reserved 1114112K
  class space    used 3757K, committed 4096K, reserved 1048576K
}
Event: 7.207 GC heap after
{Heap after GC invocations=14 (full 2):
 PSYoungGen      total 22016K, used 512K [0x00000000eab00000, 0x00000000ecb80000, 0x0000000100000000)
  eden space 21504K, 0% used [0x00000000eab00000,0x00000000eab00000,0x00000000ec000000)
  from space 512K, 100% used [0x00000000ec580000,0x00000000ec600000,0x00000000ec600000)
  to   space 5632K, 0% used [0x00000000ec000000,0x00000000ec000000,0x00000000ec580000)
 ParOldGen       total 68608K, used 17986K [0x00000000c0000000, 0x00000000c4300000, 0x00000000eab00000)
  object space 68608K, 26% used [0x00000000c0000000,0x00000000c1190bc0,0x00000000c4300000)
 Metaspace       used 36958K, committed 37632K, reserved 1114112K
  class space    used 3757K, committed 4096K, reserved 1048576K
}
Event: 7.272 GC heap before
{Heap before GC invocations=15 (full 2):
 PSYoungGen      total 22016K, used 22016K [0x00000000eab00000, 0x00000000ecb80000, 0x0000000100000000)
  eden space 21504K, 100% used [0x00000000eab00000,0x00000000ec000000,0x00000000ec000000)
  from space 512K, 100% used [0x00000000ec580000,0x00000000ec600000,0x00000000ec600000)
  to   space 5632K, 0% used [0x00000000ec000000,0x00000000ec000000,0x00000000ec580000)
 ParOldGen       total 68608K, used 17986K [0x00000000c0000000, 0x00000000c4300000, 0x00000000eab00000)
  object space 68608K, 26% used [0x00000000c0000000,0x00000000c1190bc0,0x00000000c4300000)
 Metaspace       used 36958K, committed 37632K, reserved 1114112K
  class space    used 3757K, committed 4096K, reserved 1048576K
}
Event: 7.275 GC heap after
{Heap after GC invocations=15 (full 2):
 PSYoungGen      total 24064K, used 2464K [0x00000000eab00000, 0x00000000ec700000, 0x0000000100000000)
  eden space 21504K, 0% used [0x00000000eab00000,0x00000000eab00000,0x00000000ec000000)
  from space 2560K, 96% used [0x00000000ec000000,0x00000000ec268000,0x00000000ec280000)
  to   space 3584K, 0% used [0x00000000ec380000,0x00000000ec380000,0x00000000ec700000)
 ParOldGen       total 68608K, used 18537K [0x00000000c0000000, 0x00000000c4300000, 0x00000000eab00000)
  object space 68608K, 27% used [0x00000000c0000000,0x00000000c121a780,0x00000000c4300000)
 Metaspace       used 36958K, committed 37632K, reserved 1114112K
  class space    used 3757K, committed 4096K, reserved 1048576K
}
Event: 7.372 GC heap before
{Heap before GC invocations=16 (full 2):
 PSYoungGen      total 24064K, used 23968K [0x00000000eab00000, 0x00000000ec700000, 0x0000000100000000)
  eden space 21504K, 100% used [0x00000000eab00000,0x00000000ec000000,0x00000000ec000000)
  from space 2560K, 96% used [0x00000000ec000000,0x00000000ec268000,0x00000000ec280000)
  to   space 3584K, 0% used [0x00000000ec380000,0x00000000ec380000,0x00000000ec700000)
 ParOldGen       total 68608K, used 18537K [0x00000000c0000000, 0x00000000c4300000, 0x00000000eab00000)
  object space 68608K, 27% used [0x00000000c0000000,0x00000000c121a780,0x00000000c4300000)
 Metaspace       used 36958K, committed 37632K, reserved 1114112K
  class space    used 3757K, committed 4096K, reserved 1048576K
}
Event: 7.376 GC heap after
{Heap after GC invocations=16 (full 2):
 PSYoungGen      total 24064K, used 2464K [0x00000000eab00000, 0x00000000ec600000, 0x0000000100000000)
  eden space 21504K, 0% used [0x00000000eab00000,0x00000000eab00000,0x00000000ec000000)
  from space 2560K, 96% used [0x00000000ec380000,0x00000000ec5e8010,0x00000000ec600000)
  to   space 3072K, 0% used [0x00000000ec000000,0x00000000ec000000,0x00000000ec300000)
 ParOldGen       total 68608K, used 20921K [0x00000000c0000000, 0x00000000c4300000, 0x00000000eab00000)
  object space 68608K, 30% used [0x00000000c0000000,0x00000000c146e780,0x00000000c4300000)
 Metaspace       used 36958K, committed 37632K, reserved 1114112K
  class space    used 3757K, committed 4096K, reserved 1048576K
}
Event: 7.784 GC heap before
{Heap before GC invocations=17 (full 2):
 PSYoungGen      total 24064K, used 23967K [0x00000000eab00000, 0x00000000ec600000, 0x0000000100000000)
  eden space 21504K, 99% used [0x00000000eab00000,0x00000000ebffffe8,0x00000000ec000000)
  from space 2560K, 96% used [0x00000000ec380000,0x00000000ec5e8010,0x00000000ec600000)
  to   space 3072K, 0% used [0x00000000ec000000,0x00000000ec000000,0x00000000ec300000)
 ParOldGen       total 68608K, used 20921K [0x00000000c0000000, 0x00000000c4300000, 0x00000000eab00000)
  object space 68608K, 30% used [0x00000000c0000000,0x00000000c146e780,0x00000000c4300000)
 Metaspace       used 37754K, committed 38528K, reserved 1114112K
  class space    used 3846K, committed 4224K, reserved 1048576K
}
Event: 7.789 GC heap after
{Heap after GC invocations=17 (full 2):
 PSYoungGen      total 23552K, used 1568K [0x00000000eab00000, 0x00000000ec400000, 0x0000000100000000)
  eden space 21504K, 0% used [0x00000000eab00000,0x00000000eab00000,0x00000000ec000000)
  from space 2048K, 76% used [0x00000000ec000000,0x00000000ec188000,0x00000000ec200000)
  to   space 2048K, 0% used [0x00000000ec200000,0x00000000ec200000,0x00000000ec400000)
 ParOldGen       total 68608K, used 23276K [0x00000000c0000000, 0x00000000c4300000, 0x00000000eab00000)
  object space 68608K, 33% used [0x00000000c0000000,0x00000000c16bb368,0x00000000c4300000)
 Metaspace       used 37754K, committed 38528K, reserved 1114112K
  class space    used 3846K, committed 4224K, reserved 1048576K
}
Event: 8.411 GC heap before
{Heap before GC invocations=18 (full 2):
 PSYoungGen      total 23552K, used 23072K [0x00000000eab00000, 0x00000000ec400000, 0x0000000100000000)
  eden space 21504K, 100% used [0x00000000eab00000,0x00000000ec000000,0x00000000ec000000)
  from space 2048K, 76% used [0x00000000ec000000,0x00000000ec188000,0x00000000ec200000)
  to   space 2048K, 0% used [0x00000000ec200000,0x00000000ec200000,0x00000000ec400000)
 ParOldGen       total 68608K, used 23276K [0x00000000c0000000, 0x00000000c4300000, 0x00000000eab00000)
  object space 68608K, 33% used [0x00000000c0000000,0x00000000c16bb368,0x00000000c4300000)
 Metaspace       used 39842K, committed 40704K, reserved 1114112K
  class space    used 4105K, committed 4480K, reserved 1048576K
}
Event: 8.413 GC heap after
{Heap after GC invocations=18 (full 2):
 PSYoungGen      total 22528K, used 857K [0x00000000eab00000, 0x00000000ec300000, 0x0000000100000000)
  eden space 21504K, 0% used [0x00000000eab00000,0x00000000eab00000,0x00000000ec000000)
  from space 1024K, 83% used [0x00000000ec200000,0x00000000ec2d6630,0x00000000ec300000)
  to   space 1536K, 0% used [0x00000000ec000000,0x00000000ec000000,0x00000000ec180000)
 ParOldGen       total 68608K, used 24730K [0x00000000c0000000, 0x00000000c4300000, 0x00000000eab00000)
  object space 68608K, 36% used [0x00000000c0000000,0x00000000c1826b08,0x00000000c4300000)
 Metaspace       used 39842K, committed 40704K, reserved 1114112K
  class space    used 4105K, committed 4480K, reserved 1048576K
}
Event: 8.893 GC heap before
{Heap before GC invocations=19 (full 2):
 PSYoungGen      total 22528K, used 22298K [0x00000000eab00000, 0x00000000ec300000, 0x0000000100000000)
  eden space 21504K, 99% used [0x00000000eab00000,0x00000000ebff0398,0x00000000ec000000)
  from space 1024K, 83% used [0x00000000ec200000,0x00000000ec2d6630,0x00000000ec300000)
  to   space 1536K, 0% used [0x00000000ec000000,0x00000000ec000000,0x00000000ec180000)
 ParOldGen       total 68608K, used 24730K [0x00000000c0000000, 0x00000000c4300000, 0x00000000eab00000)
  object space 68608K, 36% used [0x00000000c0000000,0x00000000c1826b08,0x00000000c4300000)
 Metaspace       used 40895K, committed 41600K, reserved 1114112K
  class space    used 4220K, committed 4544K, reserved 1048576K
}
Event: 8.894 GC heap after
{Heap after GC invocations=19 (full 2):
 PSYoungGen      total 23040K, used 512K [0x00000000eab00000, 0x00000000ec280000, 0x0000000100000000)
  eden space 21504K, 0% used [0x00000000eab00000,0x00000000eab00000,0x00000000ec000000)
  from space 1536K, 33% used [0x00000000ec000000,0x00000000ec080010,0x00000000ec180000)
  to   space 1024K, 0% used [0x00000000ec180000,0x00000000ec180000,0x00000000ec280000)
 ParOldGen       total 68608K, used 25480K [0x00000000c0000000, 0x00000000c4300000, 0x00000000eab00000)
  object space 68608K, 37% used [0x00000000c0000000,0x00000000c18e2060,0x00000000c4300000)
 Metaspace       used 40895K, committed 41600K, reserved 1114112K
  class space    used 4220K, committed 4544K, reserved 1048576K
}

