# JRE version: OpenJDK Runtime Environment Temurin-17.0.6+10 (17.0.6+10) (build 17.0.6+10)
# Java VM: OpenJDK 64-Bit Server VM Temurin-17.0.6+10 (17.0.6+10, mixed mode, emulated-client, tiered, compressed oops, compressed class ptrs, g1 gc, windows-amd64)
GC Precious Log:
 CPUs: 8 total, 8 available
 Memory: 8070M
 Large Page Support: Disabled
 NUMA Support: Disabled
 Compressed Oops: Enabled (32-bit)
 Heap Region Size: 1M
 Heap Min Capacity: 8M
 Heap Initial Capacity: 128M
 Heap Max Capacity: 2018M
 Pre-touch: Disabled
 Parallel Workers: 8
 Concurrent Workers: 2
 Concurrent Refinement Workers: 8
 Periodic GC: Disabled
Heap:
 garbage-first heap   total 45056K, used 15136K [0x0000000081e00000, 0x0000000100000000)
  region size 1024K, 2 young (2048K), 2 survivors (2048K)
 Metaspace       used 30199K, committed 30592K, reserved 1081344K
  class space    used 3661K, committed 3840K, reserved 1048576K
GC Heap History (13 events):
Event: 0.913 GC heap before
{Heap before GC invocations=0 (full 0):
 garbage-first heap   total 131072K, used 25600K [0x0000000081e00000, 0x0000000100000000)
  region size 1024K, 23 young (23552K), 0 survivors (0K)
 Metaspace       used 15355K, committed 15488K, reserved 1064960K
  class space    used 1615K, committed 1664K, reserved 1048576K
}
Event: 0.919 GC heap after
{Heap after GC invocations=1 (full 0):
 garbage-first heap   total 131072K, used 9167K [0x0000000081e00000, 0x0000000100000000)
  region size 1024K, 3 young (3072K), 3 survivors (3072K)
 Metaspace       used 15355K, committed 15488K, reserved 1064960K
  class space    used 1615K, committed 1664K, reserved 1048576K
}
Event: 2.517 GC heap before
{Heap before GC invocations=1 (full 0):
 garbage-first heap   total 131072K, used 27599K [0x0000000081e00000, 0x0000000100000000)
  region size 1024K, 22 young (22528K), 3 survivors (3072K)
 Metaspace       used 19606K, committed 19904K, reserved 1073152K
  class space    used 2279K, committed 2432K, reserved 1048576K
}
Event: 2.521 GC heap after
{Heap after GC invocations=2 (full 0):
 garbage-first heap   total 131072K, used 10838K [0x0000000081e00000, 0x0000000100000000)
  region size 1024K, 2 young (2048K), 2 survivors (2048K)
 Metaspace       used 19606K, committed 19904K, reserved 1073152K
  class space    used 2279K, committed 2432K, reserved 1048576K
}
Event: 2.773 GC heap before
{Heap before GC invocations=2 (full 0):
 garbage-first heap   total 131072K, used 18006K [0x0000000081e00000, 0x0000000100000000)
  region size 1024K, 10 young (10240K), 2 survivors (2048K)
 Metaspace       used 21281K, committed 21504K, reserved 1073152K
  class space    used 2466K, committed 2560K, reserved 1048576K
}
Event: 2.777 GC heap after
{Heap after GC invocations=3 (full 0):
 garbage-first heap   total 131072K, used 11117K [0x0000000081e00000, 0x0000000100000000)
  region size 1024K, 2 young (2048K), 2 survivors (2048K)
 Metaspace       used 21281K, committed 21504K, reserved 1073152K
  class space    used 2466K, committed 2560K, reserved 1048576K
}
Event: 3.171 GC heap before
{Heap before GC invocations=4 (full 0):
 garbage-first heap   total 45056K, used 32621K [0x0000000081e00000, 0x0000000100000000)
  region size 1024K, 25 young (25600K), 2 survivors (2048K)
 Metaspace       used 26525K, committed 26752K, reserved 1073152K
  class space    used 3162K, committed 3264K, reserved 1048576K
}
Event: 3.178 GC heap after
{Heap after GC invocations=5 (full 0):
 garbage-first heap   total 45056K, used 12460K [0x0000000081e00000, 0x0000000100000000)
  region size 1024K, 4 young (4096K), 4 survivors (4096K)
 Metaspace       used 26525K, committed 26752K, reserved 1073152K
  class space    used 3162K, committed 3264K, reserved 1048576K
}
Event: 3.201 GC heap before
{Heap before GC invocations=5 (full 0):
 garbage-first heap   total 45056K, used 13484K [0x0000000081e00000, 0x0000000100000000)
  region size 1024K, 5 young (5120K), 4 survivors (4096K)
 Metaspace       used 26644K, committed 26880K, reserved 1073152K
  class space    used 3181K, committed 3264K, reserved 1048576K
}
Event: 3.210 GC heap after
{Heap after GC invocations=6 (full 0):
 garbage-first heap   total 45056K, used 12615K [0x0000000081e00000, 0x0000000100000000)
  region size 1024K, 1 young (1024K), 1 survivors (1024K)
 Metaspace       used 26644K, committed 26880K, reserved 1073152K
  class space    used 3181K, committed 3264K, reserved 1048576K
}
Event: 3.506 GC heap before
{Heap before GC invocations=6 (full 0):
 garbage-first heap   total 45056K, used 28999K [0x0000000081e00000, 0x0000000100000000)
  region size 1024K, 18 young (18432K), 1 survivors (1024K)
 Metaspace       used 28239K, committed 28544K, reserved 1081344K
  class space    used 3371K, committed 3456K, reserved 1048576K
}
Event: 3.511 GC heap after
{Heap after GC invocations=7 (full 0):
 garbage-first heap   total 45056K, used 13859K [0x0000000081e00000, 0x0000000100000000)
  region size 1024K, 2 young (2048K), 2 survivors (2048K)
 Metaspace       used 28239K, committed 28544K, reserved 1081344K
  class space    used 3371K, committed 3456K, reserved 1048576K
}
Event: 3.870 GC heap before
{Heap before GC invocations=7 (full 0):
 garbage-first heap   total 45056K, used 30243K [0x0000000081e00000, 0x0000000100000000)
  region size 1024K, 19 young (19456K), 2 survivors (2048K)
 Metaspace       used 30199K, committed 30592K, reserved 1081344K
  class space    used 3661K, committed 3840K, reserved 1048576K
}

